Programa | SNT
-> | Flechita
Librerias | SNT
Main | SNT
\; | FinProduccion
Librerias | SNT
-> | Flechita
# | ST
include | ST
< | ST
Identificador | SNT
. | ST
h | ST
> | ST
\? | Epsilon
\( | PIzq
Cadena | SNT
include | ST
Main | SNT
\) | PDer
\| | Or
\( | PIzq
Cadena | SNT
include | ST
math | ST
Main | SNT
\) | PDer
\| | Or
\( | PIzq
Cadena | SNT
include | ST
\) | PDer
# | ST
\; | FinProduccion
Main | SNT
-> | Flechita
void | ST
main | ST
( | ST
) | ST
{ | ST
} | ST
